[ 2014-12-12T10:44:49+08:00 ] 127.0.0.1 /taoyinyin/CloudPrint/php/
INFO: [ app_init ] --START--
INFO: Run Behavior\BuildLiteBehavior [ RunTime:0.000000s ]
INFO: [ app_init ] --END-- [ RunTime:0.007500s ]
INFO: [ app_begin ] --START--
INFO: Run Behavior\ReadHtmlCacheBehavior [ RunTime:0.007500s ]
INFO: [ app_begin ] --END-- [ RunTime:0.007500s ]
NOTIC: [2048] Declaration of Home\Controller\BaseController::error() should be compatible with Think\Controller::error($message = '', $jumpUrl = '', $ajax = false) D:\xampp\htdocs\taoyinyin\CloudPrint\php\Application\Home\Controller\BaseController.class.php 第 72 行.
NOTIC: [8] A session had already been started - ignoring session_start() D:\xampp\htdocs\taoyinyin\CloudPrint\php\ThinkPHP\Common\functions.php 第 1191 行.
NOTIC: [8192] mysql_connect(): The mysql extension is deprecated and will be removed in the future: use mysqli or PDO instead D:\xampp\htdocs\taoyinyin\CloudPrint\php\ThinkPHP\Library\Think\Db\Driver\Mysql.class.php 第 52 行.
SQL: SHOW COLUMNS FROM `tyy_option` [ RunTime:0.045000s ]
SQL: SELECT * FROM `tyy_option`  [ RunTime:0.000000s ]
INFO: [ view_parse ] --START--
INFO: [ template_filter ] --START--
INFO: Run Behavior\ContentReplaceBehavior [ RunTime:0.000000s ]
INFO: [ template_filter ] --END-- [ RunTime:0.000000s ]
INFO: Run Behavior\ParseTemplateBehavior [ RunTime:0.110002s ]
INFO: [ view_parse ] --END-- [ RunTime:0.110002s ]
INFO: [ view_filter ] --START--
INFO: Run Behavior\WriteHtmlCacheBehavior [ RunTime:0.017500s ]
INFO: [ view_filter ] --END-- [ RunTime:0.017500s ]
INFO: [ app_end ] --START--
INFO: Run Behavior\ShowPageTraceBehavior [ RunTime:0.015000s ]
INFO: [ app_end ] --END-- [ RunTime:0.015000s ]

[ 2014-12-12T10:46:18+08:00 ] 127.0.0.1 /taoyinyin/CloudPrint/php/
INFO: [ app_init ] --START--
INFO: Run Behavior\BuildLiteBehavior [ RunTime:0.000000s ]
INFO: [ app_init ] --END-- [ RunTime:0.002500s ]
INFO: [ app_begin ] --START--
INFO: Run Behavior\ReadHtmlCacheBehavior [ RunTime:0.000000s ]
INFO: [ app_begin ] --END-- [ RunTime:0.002500s ]
NOTIC: [2048] Declaration of Home\Controller\BaseController::error() should be compatible with Think\Controller::error($message = '', $jumpUrl = '', $ajax = false) D:\xampp\htdocs\taoyinyin\CloudPrint\php\Application\Home\Controller\BaseController.class.php 第 72 行.
NOTIC: [8] A session had already been started - ignoring session_start() D:\xampp\htdocs\taoyinyin\CloudPrint\php\ThinkPHP\Common\functions.php 第 1191 行.
NOTIC: [8192] mysql_connect(): The mysql extension is deprecated and will be removed in the future: use mysqli or PDO instead D:\xampp\htdocs\taoyinyin\CloudPrint\php\ThinkPHP\Library\Think\Db\Driver\Mysql.class.php 第 52 行.
SQL: SHOW COLUMNS FROM `tyy_option` [ RunTime:0.012500s ]
SQL: SELECT * FROM `tyy_option`  [ RunTime:0.000000s ]
INFO: [ view_parse ] --START--
INFO: [ template_filter ] --START--
INFO: Run Behavior\ContentReplaceBehavior [ RunTime:0.000000s ]
INFO: [ template_filter ] --END-- [ RunTime:0.000000s ]
INFO: Run Behavior\ParseTemplateBehavior [ RunTime:0.072501s ]
INFO: [ view_parse ] --END-- [ RunTime:0.072501s ]
INFO: [ view_filter ] --START--
INFO: Run Behavior\WriteHtmlCacheBehavior [ RunTime:0.002500s ]
INFO: [ view_filter ] --END-- [ RunTime:0.002500s ]
INFO: [ app_end ] --START--
INFO: Run Behavior\ShowPageTraceBehavior [ RunTime:0.002500s ]
INFO: [ app_end ] --END-- [ RunTime:0.002500s ]

[ 2014-12-12T10:46:26+08:00 ] 127.0.0.1 /taoyinyin/CloudPrint/php/index.php/Home/Sign/login.html
INFO: [ app_init ] --START--
INFO: Run Behavior\BuildLiteBehavior [ RunTime:0.000000s ]
INFO: [ app_init ] --END-- [ RunTime:0.017500s ]
INFO: [ app_begin ] --START--
INFO: Run Behavior\ReadHtmlCacheBehavior [ RunTime:0.002500s ]
INFO: [ app_begin ] --END-- [ RunTime:0.002500s ]
NOTIC: [2048] Declaration of Home\Controller\BaseController::error() should be compatible with Think\Controller::error($message = '', $jumpUrl = '', $ajax = false) D:\xampp\htdocs\taoyinyin\CloudPrint\php\Application\Home\Controller\BaseController.class.php 第 72 行.
NOTIC: [8] A session had already been started - ignoring session_start() D:\xampp\htdocs\taoyinyin\CloudPrint\php\ThinkPHP\Common\functions.php 第 1191 行.
NOTIC: [8192] mysql_connect(): The mysql extension is deprecated and will be removed in the future: use mysqli or PDO instead D:\xampp\htdocs\taoyinyin\CloudPrint\php\ThinkPHP\Library\Think\Db\Driver\Mysql.class.php 第 52 行.
SQL: SHOW COLUMNS FROM `tyy_user` [ RunTime:0.067501s ]
SQL: SELECT * FROM `tyy_user` WHERE `uid` = 28 AND `uname` = '131123456' LIMIT 1   [ RunTime:0.000000s ]
SQL: UPDATE `tyy_user` SET `logintime`=1418352386,`loginip`='127.0.0.1' WHERE `uid` = 28 AND `uname` = '131123456' [ RunTime:0.022501s ]

[ 2014-12-12T10:46:27+08:00 ] 127.0.0.1 /taoyinyin/CloudPrint/php/index.php/Home/User.html
INFO: [ app_init ] --START--
INFO: Run Behavior\BuildLiteBehavior [ RunTime:0.000000s ]
INFO: [ app_init ] --END-- [ RunTime:0.000000s ]
INFO: [ app_begin ] --START--
INFO: Run Behavior\ReadHtmlCacheBehavior [ RunTime:0.002500s ]
INFO: [ app_begin ] --END-- [ RunTime:0.002500s ]
NOTIC: [2048] Declaration of Home\Controller\BaseController::error() should be compatible with Think\Controller::error($message = '', $jumpUrl = '', $ajax = false) D:\xampp\htdocs\taoyinyin\CloudPrint\php\Application\Home\Controller\BaseController.class.php 第 72 行.
NOTIC: [8] A session had already been started - ignoring session_start() D:\xampp\htdocs\taoyinyin\CloudPrint\php\ThinkPHP\Common\functions.php 第 1191 行.
NOTIC: [8192] mysql_connect(): The mysql extension is deprecated and will be removed in the future: use mysqli or PDO instead D:\xampp\htdocs\taoyinyin\CloudPrint\php\ThinkPHP\Library\Think\Db\Driver\Mysql.class.php 第 52 行.
SQL: SHOW COLUMNS FROM `tyy_user` [ RunTime:0.015001s ]
SQL: SELECT `uid` FROM `tyy_user` WHERE ( uname=131123456 ) LIMIT 1   [ RunTime:0.000000s ]
SQL: SHOW COLUMNS FROM `tyy_order` [ RunTime:0.065001s ]
SQL: SELECT COUNT(*) AS tp_count FROM `tyy_order` WHERE ( order_uid=28 ) LIMIT 1   [ RunTime:0.002500s ]
INFO: [ view_parse ] --START--
INFO: [ template_filter ] --START--
INFO: Run Behavior\ContentReplaceBehavior [ RunTime:0.000000s ]
INFO: [ template_filter ] --END-- [ RunTime:0.000000s ]
INFO: Run Behavior\ParseTemplateBehavior [ RunTime:0.052501s ]
INFO: [ view_parse ] --END-- [ RunTime:0.052501s ]
INFO: [ view_filter ] --START--
INFO: Run Behavior\WriteHtmlCacheBehavior [ RunTime:0.002500s ]
INFO: [ view_filter ] --END-- [ RunTime:0.002500s ]
INFO: [ app_end ] --START--
INFO: Run Behavior\ShowPageTraceBehavior [ RunTime:0.002500s ]
INFO: [ app_end ] --END-- [ RunTime:0.002500s ]

[ 2014-12-12T10:46:50+08:00 ] 127.0.0.1 /taoyinyin/CloudPrint/php/index.php/Home/User/logout
INFO: [ app_init ] --START--
INFO: Run Behavior\BuildLiteBehavior [ RunTime:0.000000s ]
INFO: [ app_init ] --END-- [ RunTime:0.005000s ]
INFO: [ app_begin ] --START--
INFO: Run Behavior\ReadHtmlCacheBehavior [ RunTime:0.005000s ]
INFO: [ app_begin ] --END-- [ RunTime:0.005000s ]
NOTIC: [2048] Declaration of Home\Controller\BaseController::error() should be compatible with Think\Controller::error($message = '', $jumpUrl = '', $ajax = false) D:\xampp\htdocs\taoyinyin\CloudPrint\php\Application\Home\Controller\BaseController.class.php 第 72 行.
NOTIC: [8] A session had already been started - ignoring session_start() D:\xampp\htdocs\taoyinyin\CloudPrint\php\ThinkPHP\Common\functions.php 第 1191 行.

[ 2014-12-12T10:46:50+08:00 ] 127.0.0.1 /taoyinyin/CloudPrint/php/index.php/Home/Sign/Login.html
INFO: [ app_init ] --START--
INFO: Run Behavior\BuildLiteBehavior [ RunTime:0.000000s ]
INFO: [ app_init ] --END-- [ RunTime:0.000000s ]
INFO: [ app_begin ] --START--
INFO: Run Behavior\ReadHtmlCacheBehavior [ RunTime:0.000000s ]
INFO: [ app_begin ] --END-- [ RunTime:0.000000s ]
NOTIC: [2048] Declaration of Home\Controller\BaseController::error() should be compatible with Think\Controller::error($message = '', $jumpUrl = '', $ajax = false) D:\xampp\htdocs\taoyinyin\CloudPrint\php\Application\Home\Controller\BaseController.class.php 第 72 行.
NOTIC: [8] A session had already been started - ignoring session_start() D:\xampp\htdocs\taoyinyin\CloudPrint\php\ThinkPHP\Common\functions.php 第 1191 行.
INFO: [ view_parse ] --START--
INFO: [ template_filter ] --START--
INFO: Run Behavior\ContentReplaceBehavior [ RunTime:0.000000s ]
INFO: [ template_filter ] --END-- [ RunTime:0.000000s ]
INFO: Run Behavior\ParseTemplateBehavior [ RunTime:0.047501s ]
INFO: [ view_parse ] --END-- [ RunTime:0.047501s ]
INFO: [ view_filter ] --START--
INFO: Run Behavior\WriteHtmlCacheBehavior [ RunTime:0.002500s ]
INFO: [ view_filter ] --END-- [ RunTime:0.002500s ]
INFO: [ app_end ] --START--
INFO: Run Behavior\ShowPageTraceBehavior [ RunTime:0.002500s ]
INFO: [ app_end ] --END-- [ RunTime:0.002500s ]

[ 2014-12-12T10:46:54+08:00 ] 127.0.0.1 /taoyinyin/CloudPrint/php/index.php/Home/Sign/register.html
INFO: [ app_init ] --START--
INFO: Run Behavior\BuildLiteBehavior [ RunTime:0.000000s ]
INFO: [ app_init ] --END-- [ RunTime:0.002500s ]
INFO: [ app_begin ] --START--
INFO: Run Behavior\ReadHtmlCacheBehavior [ RunTime:0.002500s ]
INFO: [ app_begin ] --END-- [ RunTime:0.002500s ]
NOTIC: [2048] Declaration of Home\Controller\BaseController::error() should be compatible with Think\Controller::error($message = '', $jumpUrl = '', $ajax = false) D:\xampp\htdocs\taoyinyin\CloudPrint\php\Application\Home\Controller\BaseController.class.php 第 72 行.
NOTIC: [8] A session had already been started - ignoring session_start() D:\xampp\htdocs\taoyinyin\CloudPrint\php\ThinkPHP\Common\functions.php 第 1191 行.
INFO: [ view_parse ] --START--
INFO: [ template_filter ] --START--
INFO: Run Behavior\ContentReplaceBehavior [ RunTime:0.000000s ]
INFO: [ template_filter ] --END-- [ RunTime:0.000000s ]
INFO: Run Behavior\ParseTemplateBehavior [ RunTime:0.052501s ]
INFO: [ view_parse ] --END-- [ RunTime:0.052501s ]
INFO: [ view_filter ] --START--
INFO: Run Behavior\WriteHtmlCacheBehavior [ RunTime:0.000000s ]
INFO: [ view_filter ] --END-- [ RunTime:0.000000s ]
INFO: [ app_end ] --START--
INFO: Run Behavior\ShowPageTraceBehavior [ RunTime:0.002500s ]
INFO: [ app_end ] --END-- [ RunTime:0.002500s ]

[ 2014-12-12T10:46:54+08:00 ] 127.0.0.1 /taoyinyin/CloudPrint/php/index.php/Home/Sign/captcha.html
INFO: [ app_init ] --START--
INFO: Run Behavior\BuildLiteBehavior [ RunTime:0.000000s ]
INFO: [ app_init ] --END-- [ RunTime:0.002500s ]
INFO: [ app_begin ] --START--
INFO: Run Behavior\ReadHtmlCacheBehavior [ RunTime:0.002500s ]
INFO: [ app_begin ] --END-- [ RunTime:0.002500s ]
NOTIC: [2048] Declaration of Home\Controller\BaseController::error() should be compatible with Think\Controller::error($message = '', $jumpUrl = '', $ajax = false) D:\xampp\htdocs\taoyinyin\CloudPrint\php\Application\Home\Controller\BaseController.class.php 第 72 行.
NOTIC: [8] A session had already been started - ignoring session_start() D:\xampp\htdocs\taoyinyin\CloudPrint\php\ThinkPHP\Common\functions.php 第 1191 行.
INFO: [ app_end ] --START--
INFO: Run Behavior\ShowPageTraceBehavior [ RunTime:0.000000s ]
INFO: [ app_end ] --END-- [ RunTime:0.000000s ]

[ 2014-12-12T10:46:58+08:00 ] 127.0.0.1 /taoyinyin/CloudPrint/php/index.php/Home/
INFO: [ app_init ] --START--
INFO: Run Behavior\BuildLiteBehavior [ RunTime:0.015600s ]
INFO: [ app_init ] --END-- [ RunTime:0.015600s ]
INFO: [ app_begin ] --START--
INFO: Run Behavior\ReadHtmlCacheBehavior [ RunTime:0.000000s ]
INFO: [ app_begin ] --END-- [ RunTime:0.000000s ]
NOTIC: [2048] Declaration of Home\Controller\BaseController::error() should be compatible with Think\Controller::error($message = '', $jumpUrl = '', $ajax = false) D:\xampp\htdocs\taoyinyin\CloudPrint\php\Application\Home\Controller\BaseController.class.php 第 72 行.
NOTIC: [8] A session had already been started - ignoring session_start() D:\xampp\htdocs\taoyinyin\CloudPrint\php\ThinkPHP\Common\functions.php 第 1191 行.
INFO: [ view_parse ] --START--
INFO: [ template_filter ] --START--
INFO: Run Behavior\ContentReplaceBehavior [ RunTime:0.000000s ]
INFO: [ template_filter ] --END-- [ RunTime:0.000000s ]
INFO: Run Behavior\ParseTemplateBehavior [ RunTime:0.037501s ]
INFO: [ view_parse ] --END-- [ RunTime:0.037501s ]
INFO: [ view_filter ] --START--
INFO: Run Behavior\WriteHtmlCacheBehavior [ RunTime:0.002500s ]
INFO: [ view_filter ] --END-- [ RunTime:0.002500s ]
INFO: [ app_end ] --START--
INFO: Run Behavior\ShowPageTraceBehavior [ RunTime:0.002500s ]
INFO: [ app_end ] --END-- [ RunTime:0.002500s ]

[ 2014-12-12T10:47:05+08:00 ] 127.0.0.1 /taoyinyin/CloudPrint/php/index.php/Home/Index/uploadFile.html
INFO: [ app_init ] --START--
INFO: Run Behavior\BuildLiteBehavior [ RunTime:0.000000s ]
INFO: [ app_init ] --END-- [ RunTime:0.000000s ]
INFO: [ app_begin ] --START--
INFO: Run Behavior\ReadHtmlCacheBehavior [ RunTime:0.005000s ]
INFO: [ app_begin ] --END-- [ RunTime:0.005000s ]
NOTIC: [2048] Declaration of Home\Controller\BaseController::error() should be compatible with Think\Controller::error($message = '', $jumpUrl = '', $ajax = false) D:\xampp\htdocs\taoyinyin\CloudPrint\php\Application\Home\Controller\BaseController.class.php 第 72 行.
NOTIC: [8] A session had already been started - ignoring session_start() D:\xampp\htdocs\taoyinyin\CloudPrint\php\ThinkPHP\Common\functions.php 第 1191 行.
INFO: [ app_end ] --START--
INFO: Run Behavior\ShowPageTraceBehavior [ RunTime:0.000000s ]
INFO: [ app_end ] --END-- [ RunTime:0.000000s ]

[ 2014-12-12T10:47:05+08:00 ] 127.0.0.1 /taoyinyin/CloudPrint/php/index.php/Home/Sign/Login.html
INFO: [ app_init ] --START--
INFO: Run Behavior\BuildLiteBehavior [ RunTime:0.000000s ]
INFO: [ app_init ] --END-- [ RunTime:0.002500s ]
INFO: [ app_begin ] --START--
INFO: Run Behavior\ReadHtmlCacheBehavior [ RunTime:0.010001s ]
INFO: [ app_begin ] --END-- [ RunTime:0.010001s ]
NOTIC: [2048] Declaration of Home\Controller\BaseController::error() should be compatible with Think\Controller::error($message = '', $jumpUrl = '', $ajax = false) D:\xampp\htdocs\taoyinyin\CloudPrint\php\Application\Home\Controller\BaseController.class.php 第 72 行.
NOTIC: [8] A session had already been started - ignoring session_start() D:\xampp\htdocs\taoyinyin\CloudPrint\php\ThinkPHP\Common\functions.php 第 1191 行.
INFO: [ view_parse ] --START--
INFO: [ template_filter ] --START--
INFO: Run Behavior\ContentReplaceBehavior [ RunTime:0.000000s ]
INFO: [ template_filter ] --END-- [ RunTime:0.000000s ]
INFO: Run Behavior\ParseTemplateBehavior [ RunTime:0.022500s ]
INFO: [ view_parse ] --END-- [ RunTime:0.025000s ]
INFO: [ view_filter ] --START--
INFO: Run Behavior\WriteHtmlCacheBehavior [ RunTime:0.002500s ]
INFO: [ view_filter ] --END-- [ RunTime:0.002500s ]
INFO: [ app_end ] --START--
INFO: Run Behavior\ShowPageTraceBehavior [ RunTime:0.025001s ]
INFO: [ app_end ] --END-- [ RunTime:0.025001s ]

[ 2014-12-12T10:47:12+08:00 ] 127.0.0.1 /taoyinyin/CloudPrint/php/index.php/Home/Sign/Login.html
INFO: [ app_init ] --START--
INFO: Run Behavior\BuildLiteBehavior [ RunTime:0.000000s ]
INFO: [ app_init ] --END-- [ RunTime:0.005000s ]
INFO: [ app_begin ] --START--
INFO: Run Behavior\ReadHtmlCacheBehavior [ RunTime:0.002500s ]
INFO: [ app_begin ] --END-- [ RunTime:0.002500s ]
NOTIC: [2048] Declaration of Home\Controller\BaseController::error() should be compatible with Think\Controller::error($message = '', $jumpUrl = '', $ajax = false) D:\xampp\htdocs\taoyinyin\CloudPrint\php\Application\Home\Controller\BaseController.class.php 第 72 行.
NOTIC: [8] A session had already been started - ignoring session_start() D:\xampp\htdocs\taoyinyin\CloudPrint\php\ThinkPHP\Common\functions.php 第 1191 行.
NOTIC: [8192] mysql_connect(): The mysql extension is deprecated and will be removed in the future: use mysqli or PDO instead D:\xampp\htdocs\taoyinyin\CloudPrint\php\ThinkPHP\Library\Think\Db\Driver\Mysql.class.php 第 52 行.
SQL: SHOW COLUMNS FROM `tyy_user` [ RunTime:0.015001s ]
SQL: SELECT * FROM `tyy_user` WHERE ( uname=121 ) LIMIT 1   [ RunTime:0.002500s ]
SQL: SHOW COLUMNS FROM `tyy_user` [ RunTime:0.010000s ]
SQL: UPDATE `tyy_user` SET `logintime`=1418352432,`loginip`='127.0.0.1' WHERE `uid` = 21 AND `uname` = '121' [ RunTime:0.052501s ]

[ 2014-12-12T10:47:12+08:00 ] 127.0.0.1 /taoyinyin/CloudPrint/php/index.php/Home/User.html
INFO: [ app_init ] --START--
INFO: Run Behavior\BuildLiteBehavior [ RunTime:0.000000s ]
INFO: [ app_init ] --END-- [ RunTime:0.002500s ]
INFO: [ app_begin ] --START--
INFO: Run Behavior\ReadHtmlCacheBehavior [ RunTime:0.000000s ]
INFO: [ app_begin ] --END-- [ RunTime:0.000000s ]
NOTIC: [2048] Declaration of Home\Controller\BaseController::error() should be compatible with Think\Controller::error($message = '', $jumpUrl = '', $ajax = false) D:\xampp\htdocs\taoyinyin\CloudPrint\php\Application\Home\Controller\BaseController.class.php 第 72 行.
NOTIC: [8] A session had already been started - ignoring session_start() D:\xampp\htdocs\taoyinyin\CloudPrint\php\ThinkPHP\Common\functions.php 第 1191 行.
NOTIC: [8192] mysql_connect(): The mysql extension is deprecated and will be removed in the future: use mysqli or PDO instead D:\xampp\htdocs\taoyinyin\CloudPrint\php\ThinkPHP\Library\Think\Db\Driver\Mysql.class.php 第 52 行.
SQL: SHOW COLUMNS FROM `tyy_user` [ RunTime:0.015000s ]
SQL: SELECT `uid` FROM `tyy_user` WHERE ( uname=121 ) LIMIT 1   [ RunTime:0.002500s ]
SQL: SHOW COLUMNS FROM `tyy_order` [ RunTime:0.015000s ]
SQL: SELECT COUNT(*) AS tp_count FROM `tyy_order` WHERE ( order_uid=21 ) LIMIT 1   [ RunTime:0.000000s ]
INFO: [ view_parse ] --START--
INFO: [ template_filter ] --START--
INFO: Run Behavior\ContentReplaceBehavior [ RunTime:0.000000s ]
INFO: [ template_filter ] --END-- [ RunTime:0.000000s ]
INFO: Run Behavior\ParseTemplateBehavior [ RunTime:0.030001s ]
INFO: [ view_parse ] --END-- [ RunTime:0.030001s ]
INFO: [ view_filter ] --START--
INFO: Run Behavior\WriteHtmlCacheBehavior [ RunTime:0.000000s ]
INFO: [ view_filter ] --END-- [ RunTime:0.000000s ]
INFO: [ app_end ] --START--
INFO: Run Behavior\ShowPageTraceBehavior [ RunTime:0.002500s ]
INFO: [ app_end ] --END-- [ RunTime:0.002500s ]

[ 2014-12-12T10:47:18+08:00 ] 127.0.0.1 /taoyinyin/CloudPrint/php/index.php/Home/
INFO: [ app_init ] --START--
INFO: Run Behavior\BuildLiteBehavior [ RunTime:0.000000s ]
INFO: [ app_init ] --END-- [ RunTime:0.002500s ]
INFO: [ app_begin ] --START--
INFO: Run Behavior\ReadHtmlCacheBehavior [ RunTime:0.000000s ]
INFO: [ app_begin ] --END-- [ RunTime:0.000000s ]
NOTIC: [2048] Declaration of Home\Controller\BaseController::error() should be compatible with Think\Controller::error($message = '', $jumpUrl = '', $ajax = false) D:\xampp\htdocs\taoyinyin\CloudPrint\php\Application\Home\Controller\BaseController.class.php 第 72 行.
NOTIC: [8] A session had already been started - ignoring session_start() D:\xampp\htdocs\taoyinyin\CloudPrint\php\ThinkPHP\Common\functions.php 第 1191 行.
INFO: [ view_parse ] --START--
INFO: [ template_filter ] --START--
INFO: Run Behavior\ContentReplaceBehavior [ RunTime:0.000000s ]
INFO: [ template_filter ] --END-- [ RunTime:0.000000s ]
INFO: Run Behavior\ParseTemplateBehavior [ RunTime:0.051800s ]
INFO: [ view_parse ] --END-- [ RunTime:0.051800s ]
INFO: [ view_filter ] --START--
INFO: Run Behavior\WriteHtmlCacheBehavior [ RunTime:0.000000s ]
INFO: [ view_filter ] --END-- [ RunTime:0.000000s ]
INFO: [ app_end ] --START--
INFO: Run Behavior\ShowPageTraceBehavior [ RunTime:0.000000s ]
INFO: [ app_end ] --END-- [ RunTime:0.000000s ]

[ 2014-12-12T10:47:21+08:00 ] 127.0.0.1 /taoyinyin/CloudPrint/php/index.php/Home/
INFO: [ app_init ] --START--
INFO: Run Behavior\BuildLiteBehavior [ RunTime:0.000000s ]
INFO: [ app_init ] --END-- [ RunTime:0.002500s ]
INFO: [ app_begin ] --START--
INFO: Run Behavior\ReadHtmlCacheBehavior [ RunTime:0.002500s ]
INFO: [ app_begin ] --END-- [ RunTime:0.002500s ]
NOTIC: [2048] Declaration of Home\Controller\BaseController::error() should be compatible with Think\Controller::error($message = '', $jumpUrl = '', $ajax = false) D:\xampp\htdocs\taoyinyin\CloudPrint\php\Application\Home\Controller\BaseController.class.php 第 72 行.
NOTIC: [8] A session had already been started - ignoring session_start() D:\xampp\htdocs\taoyinyin\CloudPrint\php\ThinkPHP\Common\functions.php 第 1191 行.
NOTIC: [8192] mysql_connect(): The mysql extension is deprecated and will be removed in the future: use mysqli or PDO instead D:\xampp\htdocs\taoyinyin\CloudPrint\php\ThinkPHP\Library\Think\Db\Driver\Mysql.class.php 第 52 行.
SQL: SHOW COLUMNS FROM `tyy_option` [ RunTime:0.015600s ]
SQL: SELECT * FROM `tyy_option`  [ RunTime:0.000000s ]
INFO: [ view_parse ] --START--
INFO: [ template_filter ] --START--
INFO: Run Behavior\ContentReplaceBehavior [ RunTime:0.000000s ]
INFO: [ template_filter ] --END-- [ RunTime:0.000000s ]
INFO: Run Behavior\ParseTemplateBehavior [ RunTime:0.031200s ]
INFO: [ view_parse ] --END-- [ RunTime:0.031200s ]
INFO: [ view_filter ] --START--
INFO: Run Behavior\WriteHtmlCacheBehavior [ RunTime:0.000000s ]
INFO: [ view_filter ] --END-- [ RunTime:0.000000s ]
INFO: [ app_end ] --START--
INFO: Run Behavior\ShowPageTraceBehavior [ RunTime:0.000000s ]
INFO: [ app_end ] --END-- [ RunTime:0.000000s ]

